     1 00000000                                 ; haribote-os
     2 00000000                                 ; TAB=4
     3 00000000                                 
     4 00000000                                 ; 有关BOOT_INFO
     5  = 00000FF0                              CYLS	EQU		0x0ff0			;启动信息
     6  = 00000FF1                              LEDS	EQU		0x0ff1			;键盘状态
     7  = 00000FF2                              VMODE	EQU		0x0ff2			;颜色数目
     8  = 00000FF4                              SCRNX	EQU		0x0ff4			;分辨率x
     9  = 00000FF6                              SCRNY	EQU		0x0ff6			;分辨率y
    10  = 00000FF8                              VRAM	EQU		0x0ff8			;图像缓冲区的开始地址
    11 00000000                                 
    12                                          		ORG		0xc200			; 这个程序读到哪里？
    13 0000C200 B0 13                           		MOV 	AL,0X13
    14 0000C202 B4 00                           		MOV		AH,0X00
    15 0000C204 CD 10                           		INT 	0X10
    16 0000C206 C6 06 0FF2 08                   		MOV		BYTE [VMODE],8
    17 0000C20B C7 06 0FF4 0140                 		MOV		WORD [SCRNX],320
    18 0000C211 C7 06 0FF6 00C8                 		MOV 	WORD [SCRNY],200
    19 0000C217 66 C7 06 0FF8 000A0000          		MOV		DWORD [VRAM],0x000a0000
    20 0000C220                                 ;0xa0000-0xafffff共64KB
    21 0000C220                                 ;用bios获取键盘状态
    22 0000C220                                 
    23 0000C220 B4 02                           		MOV		AH,0X02
    24 0000C222 CD 16                           		INT 	0X16
    25 0000C224 A2 0FF1                         		MOV 	[LEDS],AL
    26 0000C227                                 		
    27 0000C227                                 fin:
    28 0000C227                                 
    29 0000C227 F4                              		HLT
    30 0000C228 EB FD                           		JMP		fin
