     1 00000000                                 ; hello-os
     2 00000000                                 ; TAB=4
     3 00000000                                 
     4                                          		ORG		0x7c00			; 指明程序的装载地址
     5 00007C00                                 ; 把机器语言装载到内存中的位置，同时改变了$符号的值：0x7c00
     6 00007C00                                 
     7 00007C00                                 ; 以下技术用于标准FAT12格式的软盘
     8 00007C00 EB 4E                           	JMP entry
     9 00007C02 90                              	DB	0x90			;短跳转指令，指向操作系统引导代码部分
    10 00007C03 48 45 4C 4C 4F 49 50 4C         	DB	"HELLOIPL"		;启动区名称
    11 00007C0B 0200                            	DW	512				;每个扇区字节数
    12 00007C0D 01                              	DB	1				;每个簇扇区数
    13 00007C0E 0001                            	DW	1				;Boot记录占+表
    14 00007C10 02                              	DB	2
    15 00007C11 00E0                            	DW	224				;根目录区文件最大数
    16 00007C13 0B40                            	DW	2880			;扇区总数
    17 00007C15 F0                              	DB	0xf0			;介质描述符
    18 00007C16 0009                            	DW	9				;每个FAT表所占扇区数
    19 00007C18 0012                            	DW	18				;每个磁道扇区数
    20 00007C1A 0002                            	DW	2				;磁头数
    21 00007C1C 00000000                        	DD	0				;隐藏扇区数
    22 00007C20 00000B40                        	DD	2880			;扇区总数
    23 00007C24 00 00 29                        	DB	0,0,0x29		;INT 13H的驱动器号，保留未用，扩展引导标记
    24 00007C27 FFFFFFFF                        	DD	0xffffffff		;卷序列号
    25 00007C2B 48 45 4C 4C 4F 20 2D 20 4F 53   	DB	"HELLO - OS "	;卷标
       00007C35 20 
    26 00007C36 46 41 54 31 32 20 20 20         	DB	"FAT12   "		;文件系统名称
    27 00007C3E 00 00 00 00 00 00 00 00 00 00   	RESB	18			;空了18字节
       00007C48 00 00 00 00 00 00 00 00 
    28 00007C50                                 
    29 00007C50                                 ; 程序核心
    30 00007C50                                 
    31 00007C50                                 entry:
    32 00007C50 B8 0000                         		MOV		AX,0			; 初始化寄存器
    33 00007C53 8E D0                           		MOV		SS,AX
    34 00007C55 BC 7C00                         		MOV		SP,0x7c00
    35 00007C58 8E D8                           		MOV		DS,AX
    36 00007C5A                                 		
    37 00007C5A                                 ;磁盘第二个扇区读到内存0x0820
    38 00007C5A                                 		
    39 00007C5A B8 0820                         		MOV		AX,0X0820
    40 00007C5D 8E C0                           		MOV		ES,AX			;缓冲区地址段(加上AX)
    41 00007C5F B5 00                           		MOV 	CH,0			;柱面
    42 00007C61 B6 00                           		MOV		DH,0			;磁头
    43 00007C63 B1 02                           		MOV 	CL,2			;扇区
    44 00007C65                                 		
    45 00007C65 B4 02                           		MOV		AH,0X02			;读磁盘
    46 00007C67 B0 01                           		MOV		AL,1			;1个扇区
    47 00007C69 BB 0000                         		MOV		BX,0			;缓冲的偏移地址
    48 00007C6C B2 00                           		MOV		DL,0X00			;驱动器
    49 00007C6E CD 13                           		INT		0x13			;调用BIOS磁盘操作
    50 00007C70 72 05                           		JC		error			;BIOS返回值为0跳转
    51 00007C72 EB 08                           		JMP		good
    52 00007C74                                 ;没报错的话进入死循环
    53 00007C74                                 
    54 00007C74                                 fin:	
    55 00007C74 F4                              		HLT
    56 00007C75 EB FD                           		JMP		fin
    57 00007C77                                 
    58 00007C77                                 error:
    59 00007C77 BE 7C91                         		MOV 	SI,msg
    60 00007C7A EB 03                           		JMP		putloop
    61 00007C7C                                 good:
    62 00007C7C BE 7C9F                         		MOV		SI,msg1
    63 00007C7F                                 putloop:
    64 00007C7F 8A 04                           		MOV		AL,[SI]
    65 00007C81 83 C6 01                        		ADD		SI,1			; 给SI加1
    66 00007C84 3C 00                           		CMP		AL,0			; 结束条件
    67 00007C86 74 EC                           		JE		fin
    68 00007C88 B4 0E                           		MOV		AH,0x0e			; 显示一个文字
    69 00007C8A BB 000F                         		MOV		BX,15			; 指定字符颜色
    70 00007C8D CD 10                           		INT		0x10			; 调用显卡BIOS
    71 00007C8F EB EE                           		JMP		putloop
    72 00007C91                                 msg:
    73 00007C91 0A 0A                           		DB		0x0a, 0x0a		; 换行2次
    74 00007C93 6C 6F 61 64 20 65 72 72 6F 72   		DB		"load error"
    75 00007C9D 0A                              		DB		0x0a			; 换行
    76 00007C9E 00                              		DB		0
    77 00007C9F                                 msg1
    78 00007C9F 0A 0A                           		DB		0x0a, 0x0a		; 换行2次
    79 00007CA1 47 4F 4F 44 21                  		DB		"GOOD!"
    80 00007CA6 0A                              		DB		0x0a			; 换行
    81 00007CA7 00                              		DB		0
    82 00007CA8                                 
    83 00007CA8 00 00 00 00 00 00 00 00 00 00   		RESB	0x7dfe-$		; 填写0x00直到0x7dfe-0x7c00
       00007CB2 00 00 00 00 00 00 00 00 00 00 
       00007CBC 00 00 00 00 00 00 00 00 00 00 
       00007CC6 00 00 00 00 00 00 00 00 00 00 
       00007CD0 00 00 00 00 00 00 00 00 00 00 
       00007CDA 00 00 00 00 00 00 00 00 00 00 
       00007CE4 00 00 00 00 00 00 00 00 00 00 
       00007CEE 00 00 00 00 00 00 00 00 00 00 
       00007CF8 00 00 00 00 00 00 00 00 00 00 
       00007D02 00 00 00 00 00 00 00 00 00 00 
       00007D0C 00 00 00 00 00 00 00 00 00 00 
       00007D16 00 00 00 00 00 00 00 00 00 00 
       00007D20 00 00 00 00 00 00 00 00 00 00 
       00007D2A 00 00 00 00 00 00 00 00 00 00 
       00007D34 00 00 00 00 00 00 00 00 00 00 
       00007D3E 00 00 00 00 00 00 00 00 00 00 
       00007D48 00 00 00 00 00 00 00 00 00 00 
       00007D52 00 00 00 00 00 00 00 00 00 00 
       00007D5C 00 00 00 00 00 00 00 00 00 00 
       00007D66 00 00 00 00 00 00 00 00 00 00 
       00007D70 00 00 00 00 00 00 00 00 00 00 
       00007D7A 00 00 00 00 00 00 00 00 00 00 
       00007D84 00 00 00 00 00 00 00 00 00 00 
       00007D8E 00 00 00 00 00 00 00 00 00 00 
       00007D98 00 00 00 00 00 00 00 00 00 00 
       00007DA2 00 00 00 00 00 00 00 00 00 00 
       00007DAC 00 00 00 00 00 00 00 00 00 00 
       00007DB6 00 00 00 00 00 00 00 00 00 00 
       00007DC0 00 00 00 00 00 00 00 00 00 00 
       00007DCA 00 00 00 00 00 00 00 00 00 00 
       00007DD4 00 00 00 00 00 00 00 00 00 00 
       00007DDE 00 00 00 00 00 00 00 00 00 00 
       00007DE8 00 00 00 00 00 00 00 00 00 00 
       00007DF2 00 00 00 00 00 00 00 00 00 00 
       00007DFC 00 00 
    84 00007DFE                                 
    85 00007DFE 55 AA                           		DB		0x55, 0xaa
    86 00007E00                                 
    87 00007E00                                 ; 以下是启动区以外部分的输出
    88 00007E00                                 ;
    89 00007E00                                 ;		DB		0xf0, 0xff, 0xff, 0x00, 0x00, 0x00, 0x00, 0x00
    90 00007E00                                 ;		RESB	4600
    91 00007E00                                 ;		DB		0xf0, 0xff, 0xff, 0x00, 0x00, 0x00, 0x00, 0x00
    92 00007E00                                 ;		RESB	1469432
