     1 00000000                                 ; hello-os
     2 00000000                                 ; TAB=4
     3 00000000                                 
     4                                          		ORG		0x7c00			; 指明程序的装载地址
     5 00007C00                                 ; 把机器语言装载到内存中的位置，同时改变了$符号的值：0x7c00
     6 00007C00                                 
     7 00007C00                                 ; 以下技术用于标准FAT12格式的软盘
     8 00007C00 EB 4D                           	JMP entry
     9 00007C02 90                              	DB	0x90	;短跳转指令，指向操作系统引导代码部分
    10 00007C03 48 45 4C 4C 4F 49 50 4C         	DB	"HELLOIPL"		;启动区名称
    11 00007C0B 0200                            	DW	512				;每个扇区字节数
    12 00007C0D 01                              	DB	1				;每个簇扇区数
    13 00007C0E 0001                            	DW	1				;Boot记录占+表
    14 00007C10 00E0                            	DW	224				;根目录区文件最大数
    15 00007C12 0B40                            	DW	2880			;扇区总数
    16 00007C14 F0                              	DB	0xf0			;介质描述符
    17 00007C15 0009                            	DW	9				;每个FAT表所占扇区数
    18 00007C17 0012                            	DW	18				;每个磁道扇区数
    19 00007C19 0002                            	DW	2				;磁头数
    20 00007C1B 00000000                        	DD	0				;隐藏扇区数
    21 00007C1F 00000B40                        	DD	2880			;扇区总数
    22 00007C23 00 00 29                        	DB	0,0,0x29		;INT 13H的驱动器号，保留未用，扩展引导标记
    23 00007C26 FFFFFFFF                        	DD	0xffffffff		;卷序列号
    24 00007C2A 48 45 4C 4C 4F 20 2D 20 4F 53   	DB	"HELLO - OS "	;卷标
       00007C34 20 
    25 00007C35 46 41 54 31 32 20 20 20         	DB	"FAT12   "		;文件系统名称
    26 00007C3D 00 00 00 00 00 00 00 00 00 00   	RESB	18			;空了18字节
       00007C47 00 00 00 00 00 00 00 00 
    27 00007C4F                                 
    28 00007C4F                                 ; 程序核心
    29 00007C4F                                 
    30 00007C4F                                 entry:
    31 00007C4F B8 0000                         		MOV		AX,0			; 初始化寄存器
    32 00007C52 8E D0                           		MOV		SS,AX
    33 00007C54 BC 7C00                         		MOV		SP,0x7c00
    34 00007C57 8E D8                           		MOV		DS,AX
    35 00007C59 8E C0                           		MOV		ES,AX
    36 00007C5B                                 
    37 00007C5B BE 7C73                         		MOV		SI,msg
    38 00007C5E                                 putloop:
    39 00007C5E 8A 04                           		MOV		AL,[SI]
    40 00007C60 83 C6 01                        		ADD		SI,1			; 给SI加1
    41 00007C63 3C 00                           		CMP		AL,0
    42 00007C65 74 09                           		JE		fin
    43 00007C67 B4 0E                           		MOV		AH,0x0e			; 显示一个文字
    44 00007C69 BB 000F                         		MOV		BX,15			; 指定字符颜色
    45 00007C6C CD 10                           		INT		0x10			; 调用显卡BIOS
    46 00007C6E EB EE                           		JMP		putloop
    47 00007C70                                 fin:
    48 00007C70 F4                              		HLT						; 让CPU停止等待指令
    49 00007C71 EB FD                           		JMP		fin				; 无线循环
    50 00007C73                                 
    51 00007C73                                 msg:
    52 00007C73 0A 0A                           		DB		0x0a, 0x0a		; 换行2次
    53 00007C75 68 65 6C 6C 6F 2C 20 77 6F 72   		DB		"hello, world"
       00007C7F 6C 64 
    54 00007C81 0A                              		DB		0x0a			; 换行
    55 00007C82 00                              		DB		0
    56 00007C83                                 
    57 00007C83 00 00 00 00 00 00 00 00 00 00   		RESB	0x7dfe-$		; 填写0x00直到0x7dfe-0x7c00
       00007C8D 00 00 00 00 00 00 00 00 00 00 
       00007C97 00 00 00 00 00 00 00 00 00 00 
       00007CA1 00 00 00 00 00 00 00 00 00 00 
       00007CAB 00 00 00 00 00 00 00 00 00 00 
       00007CB5 00 00 00 00 00 00 00 00 00 00 
       00007CBF 00 00 00 00 00 00 00 00 00 00 
       00007CC9 00 00 00 00 00 00 00 00 00 00 
       00007CD3 00 00 00 00 00 00 00 00 00 00 
       00007CDD 00 00 00 00 00 00 00 00 00 00 
       00007CE7 00 00 00 00 00 00 00 00 00 00 
       00007CF1 00 00 00 00 00 00 00 00 00 00 
       00007CFB 00 00 00 00 00 00 00 00 00 00 
       00007D05 00 00 00 00 00 00 00 00 00 00 
       00007D0F 00 00 00 00 00 00 00 00 00 00 
       00007D19 00 00 00 00 00 00 00 00 00 00 
       00007D23 00 00 00 00 00 00 00 00 00 00 
       00007D2D 00 00 00 00 00 00 00 00 00 00 
       00007D37 00 00 00 00 00 00 00 00 00 00 
       00007D41 00 00 00 00 00 00 00 00 00 00 
       00007D4B 00 00 00 00 00 00 00 00 00 00 
       00007D55 00 00 00 00 00 00 00 00 00 00 
       00007D5F 00 00 00 00 00 00 00 00 00 00 
       00007D69 00 00 00 00 00 00 00 00 00 00 
       00007D73 00 00 00 00 00 00 00 00 00 00 
       00007D7D 00 00 00 00 00 00 00 00 00 00 
       00007D87 00 00 00 00 00 00 00 00 00 00 
       00007D91 00 00 00 00 00 00 00 00 00 00 
       00007D9B 00 00 00 00 00 00 00 00 00 00 
       00007DA5 00 00 00 00 00 00 00 00 00 00 
       00007DAF 00 00 00 00 00 00 00 00 00 00 
       00007DB9 00 00 00 00 00 00 00 00 00 00 
       00007DC3 00 00 00 00 00 00 00 00 00 00 
       00007DCD 00 00 00 00 00 00 00 00 00 00 
       00007DD7 00 00 00 00 00 00 00 00 00 00 
       00007DE1 00 00 00 00 00 00 00 00 00 00 
       00007DEB 00 00 00 00 00 00 00 00 00 00 
       00007DF5 00 00 00 00 00 00 00 00 00 
    58 00007DFE                                 
    59 00007DFE 55 AA                           		DB		0x55, 0xaa
    60 00007E00                                 
    61 00007E00                                 ; 以下是启动区以外部分的输出
    62 00007E00                                 ;
    63 00007E00                                 ;		DB		0xf0, 0xff, 0xff, 0x00, 0x00, 0x00, 0x00, 0x00
    64 00007E00                                 ;		RESB	4600
    65 00007E00                                 ;		DB		0xf0, 0xff, 0xff, 0x00, 0x00, 0x00, 0x00, 0x00
    66 00007E00                                 ;		RESB	1469432
